<?xml version="1.0" encoding="UTF-8"?>
<!-- Generated by org.testng.reporters.JUnitXMLReporter -->
<testsuite ignored="0" hostname="Macs-MacBook-Pro.local" failures="1" tests="5" name="Test1" time="149.817" errors="0" timestamp="2023-10-03T12:43:13 IST">
  <testcase classname="TestClass.TestProp" name="run" time="1.34"/>
  <testcase classname="TestClass.TestProp" name="check" time="6.058">
    <skipped/>
  </testcase> <!-- check -->
  <testcase classname="TestClass.TestProp" name="check" time="6.01">
    <skipped/>
  </testcase> <!-- check -->
  <testcase classname="TestClass.TestProp" name="check" time="6.011">
    <skipped/>
  </testcase> <!-- check -->
  <testcase classname="TestClass.TestProp" name="check" time="6.009">
    <failure type="java.lang.NullPointerException" message="Cannot invoke &amp;quot;org.openqa.selenium.SearchContext.findElement(org.openqa.selenium.By)&amp;quot; because &amp;quot;this.searchContext&amp;quot; is null">
      <![CDATA[java.lang.NullPointerException: Cannot invoke "org.openqa.selenium.SearchContext.findElement(org.openqa.selenium.By)" because "this.searchContext" is null
at org.openqa.selenium.support.pagefactory.DefaultElementLocator.findElement(DefaultElementLocator.java:68)
at org.openqa.selenium.support.pagefactory.internal.LocatingElementHandler.invoke(LocatingElementHandler.java:38)
at jdk.proxy2/jdk.proxy2.$Proxy17.sendKeys(Unknown Source)
at Page.Grammerly_Page.sendemail(Grammerly_Page.java:41)
at TestClass.TestProp.check(TestProp.java:29)
at java.base/java.util.ArrayList.forEach(ArrayList.java:1596)
at java.base/java.util.concurrent.FutureTask.run(FutureTask.java:317)
at java.base/java.util.concurrent.ThreadPoolExecutor.runWorker(ThreadPoolExecutor.java:1144)
at java.base/java.util.concurrent.ThreadPoolExecutor$Worker.run(ThreadPoolExecutor.java:642)
at java.base/java.lang.Thread.run(Thread.java:1583)
... Removed 15 stack frames]]>
    </failure>
  </testcase> <!-- check -->
</testsuite> <!-- Test1 -->
