<?xml version="1.0" encoding="UTF-8"?>
<!-- Generated by org.testng.reporters.JUnitXMLReporter -->
<testsuite ignored="0" hostname="Macs-MacBook-Pro.local" failures="0" tests="6" name="Test Grammerly and Google Search" time="25.847" errors="0" timestamp="2023-10-07T11:47:29 IST">
  <testcase classname="TestClass.DataProviderWithExc" name="@BeforeMethod setup" time="0.002">
    <failure type="org.openqa.selenium.remote.NoSuchDriverException" message="chromedriver located at ./driver/chromedriver, cannot be executed
For documentation on this error, please visit: https://www.selenium.dev/documentation/webdriver/troubleshooting/errors/driver_location/
Build info: version: &amp;apos;4.12.0&amp;apos;, revision: &amp;apos;249f2a7d1b*&amp;apos;
System info: os.name: &amp;apos;Mac OS X&amp;apos;, os.arch: &amp;apos;x86_64&amp;apos;, os.version: &amp;apos;10.15.7&amp;apos;, java.version: &amp;apos;21&amp;apos;
Driver info: driver.version: ChromeDriver">
      <![CDATA[org.openqa.selenium.remote.NoSuchDriverException: chromedriver located at ./driver/chromedriver, cannot be executed
For documentation on this error, please visit: https://www.selenium.dev/documentation/webdriver/troubleshooting/errors/driver_location/
Build info: version: '4.12.0', revision: '249f2a7d1b*'
System info: os.name: 'Mac OS X', os.arch: 'x86_64', os.version: '10.15.7', java.version: '21'
Driver info: driver.version: ChromeDriver
at org.openqa.selenium.remote.service.DriverFinder.getPath(DriverFinder.java:45)
at org.openqa.selenium.remote.service.DriverFinder.getPath(DriverFinder.java:13)
at org.openqa.selenium.chrome.ChromeDriver.generateExecutor(ChromeDriver.java:99)
at org.openqa.selenium.chrome.ChromeDriver.<init>(ChromeDriver.java:88)
at org.openqa.selenium.chrome.ChromeDriver.<init>(ChromeDriver.java:83)
at org.openqa.selenium.chrome.ChromeDriver.<init>(ChromeDriver.java:51)
at TestClass.DataProviderWithExc.setup(DataProviderWithExc.java:27)
at java.base/java.util.ArrayList.forEach(ArrayList.java:1596)
... Removed 29 stack frames]]>
    </failure>
  </testcase> <!-- @BeforeMethod setup -->
  <testcase classname="TestClass.DataProviderWithExc" name="@AfterMethod getresultanalysis" time="0.0">
    <skipped/>
  </testcase> <!-- @AfterMethod getresultanalysis -->
  <testcase classname="TestClass.DataProviderWithExc" name="@AfterMethod teardown" time="0.0">
    <skipped/>
  </testcase> <!-- @AfterMethod teardown -->
  <testcase classname="TestClass.DataProviderWithExc" name="@BeforeMethod setup" time="0.0">
    <skipped/>
  </testcase> <!-- @BeforeMethod setup -->
  <testcase classname="TestClass.DataProviderWithExc" name="@AfterMethod getresultanalysis" time="0.0">
    <skipped/>
  </testcase> <!-- @AfterMethod getresultanalysis -->
  <testcase classname="TestClass.DataProviderWithExc" name="@AfterMethod teardown" time="0.0">
    <skipped/>
  </testcase> <!-- @AfterMethod teardown -->
  <testcase classname="TestClass.DataProviderWithExc" name="@BeforeMethod setup" time="0.0">
    <skipped/>
  </testcase> <!-- @BeforeMethod setup -->
  <testcase classname="TestClass.DataProviderWithExc" name="@AfterMethod getresultanalysis" time="0.0">
    <skipped/>
  </testcase> <!-- @AfterMethod getresultanalysis -->
  <testcase classname="TestClass.DataProviderWithExc" name="@AfterMethod teardown" time="0.0">
    <skipped/>
  </testcase> <!-- @AfterMethod teardown -->
  <testcase classname="TestClass.DataProviderWithExc" name="@BeforeMethod setup" time="0.0">
    <skipped/>
  </testcase> <!-- @BeforeMethod setup -->
  <testcase classname="TestClass.DataProviderWithExc" name="@AfterMethod getresultanalysis" time="0.0">
    <skipped/>
  </testcase> <!-- @AfterMethod getresultanalysis -->
  <testcase classname="TestClass.DataProviderWithExc" name="@AfterMethod teardown" time="0.0">
    <skipped/>
  </testcase> <!-- @AfterMethod teardown -->
  <testcase classname="TestClass.TestProp" name="run" time="1.033"/>
  <testcase classname="TestClass.TestProp" name="check" time="6.794"/>
  <testcase classname="TestClass.DataProviderWithExc" name="searchKeyword" time="0.0">
    <skipped/>
  </testcase> <!-- searchKeyword -->
  <testcase classname="TestClass.DataProviderWithExc" name="searchKeyword" time="0.003">
    <skipped/>
  </testcase> <!-- searchKeyword -->
  <testcase classname="TestClass.DataProviderWithExc" name="searchKeyword" time="0.0">
    <skipped/>
  </testcase> <!-- searchKeyword -->
  <testcase classname="TestClass.DataProviderWithExc" name="searchKeyword" time="0.0">
    <skipped/>
  </testcase> <!-- searchKeyword -->
</testsuite> <!-- Test Grammerly and Google Search -->
