<?xml version="1.0" encoding="UTF-8"?>
<testng-results ignored="0" total="6" passed="6" failed="0" skipped="0">
  <reporter-output>
    <line>
      <![CDATA[Pass]]>
    </line>
    <line>
      <![CDATA[Pass]]>
    </line>
    <line>
      <![CDATA[Pass]]>
    </line>
    <line>
      <![CDATA[Pass]]>
    </line>
    <line>
      <![CDATA[Pass]]>
    </line>
    <line>
      <![CDATA[Pass]]>
    </line>
  </reporter-output>
  <suite started-at="2023-10-18T15:03:23 IST" name="Suite" finished-at="2023-10-18T15:04:03 IST" duration-ms="40604">
    <groups>
    </groups>
    <test started-at="2023-10-18T15:03:23 IST" name="Test Grammerly On firefox" finished-at="2023-10-18T15:04:03 IST" duration-ms="40604">
      <class name="TestClass.TestProp">
        <test-method is-config="true" signature="browser(java.lang.String)[pri:0, instance:TestClass.TestProp@67c27493]" started-at="2023-10-18T15:03:23 IST" name="browser" finished-at="2023-10-18T15:03:52 IST" duration-ms="28598" status="PASS">
          <params>
            <param index="0">
              <value>
                <![CDATA[firefox]]>
              </value>
            </param>
          </params>
          <reporter-output>
          </reporter-output>
        </test-method> <!-- browser -->
        <test-method signature="run()[pri:0, instance:TestClass.TestProp@67c27493]" started-at="2023-10-18T15:03:52 IST" name="run" finished-at="2023-10-18T15:03:53 IST" duration-ms="1131" status="PASS">
          <reporter-output>
          </reporter-output>
        </test-method> <!-- run -->
        <test-method is-config="true" signature="getresultanalysis(org.testng.ITestResult)[pri:0, instance:TestClass.TestProp@67c27493]" started-at="2023-10-18T15:03:53 IST" name="getresultanalysis" finished-at="2023-10-18T15:03:53 IST" duration-ms="333" status="PASS">
          <params>
            <param index="0">
              <value>
                <![CDATA[[TestResult name=run status=SUCCESS method=TestProp.run()[pri:0, instance:TestClass.TestProp@67c27493] output={null}]]]>
              </value>
            </param>
          </params>
          <reporter-output>
            <line>
              <![CDATA[Pass]]>
            </line>
          </reporter-output>
        </test-method> <!-- getresultanalysis -->
        <test-method signature="check()[pri:1, instance:TestClass.TestProp@67c27493]" started-at="2023-10-18T15:03:53 IST" name="check" finished-at="2023-10-18T15:04:00 IST" duration-ms="6826" status="PASS">
          <reporter-output>
          </reporter-output>
        </test-method> <!-- check -->
        <test-method is-config="true" signature="getresultanalysis(org.testng.ITestResult)[pri:0, instance:TestClass.TestProp@67c27493]" started-at="2023-10-18T15:04:00 IST" name="getresultanalysis" finished-at="2023-10-18T15:04:00 IST" duration-ms="83" status="PASS">
          <params>
            <param index="0">
              <value>
                <![CDATA[[TestResult name=check status=SUCCESS method=TestProp.check()[pri:1, instance:TestClass.TestProp@67c27493] output={null}]]]>
              </value>
            </param>
          </params>
          <reporter-output>
            <line>
              <![CDATA[Pass]]>
            </line>
          </reporter-output>
        </test-method> <!-- getresultanalysis -->
        <test-method is-config="true" signature="teardown()[pri:0, instance:TestClass.TestProp@67c27493]" started-at="2023-10-18T15:04:00 IST" name="teardown" finished-at="2023-10-18T15:04:03 IST" duration-ms="3121" status="PASS">
          <reporter-output>
          </reporter-output>
        </test-method> <!-- teardown -->
      </class> <!-- TestClass.TestProp -->
    </test> <!-- Test Grammerly On firefox -->
    <test started-at="2023-10-18T15:03:23 IST" name="Test Grammerly On Safari" finished-at="2023-10-18T15:04:03 IST" duration-ms="40565">
      <class name="TestClass.TestProp">
        <test-method is-config="true" signature="browser(java.lang.String)[pri:0, instance:TestClass.TestProp@1b7cc17c]" started-at="2023-10-18T15:03:23 IST" name="browser" finished-at="2023-10-18T15:03:46 IST" duration-ms="22482" status="PASS">
          <params>
            <param index="0">
              <value>
                <![CDATA[safari]]>
              </value>
            </param>
          </params>
          <reporter-output>
          </reporter-output>
        </test-method> <!-- browser -->
        <test-method signature="run()[pri:0, instance:TestClass.TestProp@1b7cc17c]" started-at="2023-10-18T15:03:46 IST" name="run" finished-at="2023-10-18T15:03:53 IST" duration-ms="7304" status="PASS">
          <reporter-output>
          </reporter-output>
        </test-method> <!-- run -->
        <test-method is-config="true" signature="getresultanalysis(org.testng.ITestResult)[pri:0, instance:TestClass.TestProp@1b7cc17c]" started-at="2023-10-18T15:03:53 IST" name="getresultanalysis" finished-at="2023-10-18T15:03:53 IST" duration-ms="385" status="PASS">
          <params>
            <param index="0">
              <value>
                <![CDATA[[TestResult name=run status=SUCCESS method=TestProp.run()[pri:0, instance:TestClass.TestProp@1b7cc17c] output={null}]]]>
              </value>
            </param>
          </params>
          <reporter-output>
            <line>
              <![CDATA[Pass]]>
            </line>
          </reporter-output>
        </test-method> <!-- getresultanalysis -->
        <test-method signature="check()[pri:1, instance:TestClass.TestProp@1b7cc17c]" started-at="2023-10-18T15:03:53 IST" name="check" finished-at="2023-10-18T15:04:01 IST" duration-ms="7070" status="PASS">
          <reporter-output>
          </reporter-output>
        </test-method> <!-- check -->
        <test-method is-config="true" signature="getresultanalysis(org.testng.ITestResult)[pri:0, instance:TestClass.TestProp@1b7cc17c]" started-at="2023-10-18T15:04:01 IST" name="getresultanalysis" finished-at="2023-10-18T15:04:01 IST" duration-ms="324" status="PASS">
          <params>
            <param index="0">
              <value>
                <![CDATA[[TestResult name=check status=SUCCESS method=TestProp.check()[pri:1, instance:TestClass.TestProp@1b7cc17c] output={null}]]]>
              </value>
            </param>
          </params>
          <reporter-output>
            <line>
              <![CDATA[Pass]]>
            </line>
          </reporter-output>
        </test-method> <!-- getresultanalysis -->
        <test-method is-config="true" signature="teardown()[pri:0, instance:TestClass.TestProp@1b7cc17c]" started-at="2023-10-18T15:04:01 IST" name="teardown" finished-at="2023-10-18T15:04:03 IST" duration-ms="2533" status="FAIL">
          <exception class="org.openqa.selenium.NoSuchSessionException">
            <message>
              <![CDATA[Tried to run command without establishing a connection
Build info: version: '4.12.0', revision: '249f2a7d1b*'
System info: os.name: 'Mac OS X', os.arch: 'x86_64', os.version: '10.15.7', java.version: '21'
Driver info: org.openqa.selenium.firefox.FirefoxDriver
Command: [63ff4cf1-e948-475c-9877-fb775f2219d5, getTitle {}]
Capabilities {acceptInsecureCerts: true, browserName: firefox, browserVersion: 118.0.2, moz:accessibilityChecks: false, moz:buildID: 20231009140911, moz:debuggerAddress: 127.0.0.1:27910, moz:geckodriverVersion: 0.33.0, moz:headless: false, moz:platformVersion: 19.6.0, moz:processID: 2215, moz:profile: /var/folders/n5/8_wzkl796_n..., moz:shutdownTimeout: 60000, moz:webdriverClick: true, moz:windowless: false, pageLoadStrategy: normal, platformName: mac, proxy: Proxy(), se:cdp: ws://127.0.0.1:27910/devtoo..., se:cdpVersion: 85.0, setWindowRect: true, strictFileInteractability: false, timeouts: {implicit: 0, pageLoad: 300000, script: 30000}, unhandledPromptBehavior: dismiss and notify}
Session ID: 63ff4cf1-e948-475c-9877-fb775f2219d5]]>
            </message>
            <full-stacktrace>
              <![CDATA[org.openqa.selenium.NoSuchSessionException: Tried to run command without establishing a connection
Build info: version: '4.12.0', revision: '249f2a7d1b*'
System info: os.name: 'Mac OS X', os.arch: 'x86_64', os.version: '10.15.7', java.version: '21'
Driver info: org.openqa.selenium.firefox.FirefoxDriver
Command: [63ff4cf1-e948-475c-9877-fb775f2219d5, getTitle {}]
Capabilities {acceptInsecureCerts: true, browserName: firefox, browserVersion: 118.0.2, moz:accessibilityChecks: false, moz:buildID: 20231009140911, moz:debuggerAddress: 127.0.0.1:27910, moz:geckodriverVersion: 0.33.0, moz:headless: false, moz:platformVersion: 19.6.0, moz:processID: 2215, moz:profile: /var/folders/n5/8_wzkl796_n..., moz:shutdownTimeout: 60000, moz:webdriverClick: true, moz:windowless: false, pageLoadStrategy: normal, platformName: mac, proxy: Proxy(), se:cdp: ws://127.0.0.1:27910/devtoo..., se:cdpVersion: 85.0, setWindowRect: true, strictFileInteractability: false, timeouts: {implicit: 0, pageLoad: 300000, script: 30000}, unhandledPromptBehavior: dismiss and notify}
Session ID: 63ff4cf1-e948-475c-9877-fb775f2219d5
at java.base/jdk.internal.reflect.DirectConstructorHandleAccessor.newInstance(DirectConstructorHandleAccessor.java:62)
at java.base/java.lang.reflect.Constructor.newInstanceWithCaller(Constructor.java:502)
at java.base/java.lang.reflect.Constructor.newInstance(Constructor.java:486)
at org.openqa.selenium.remote.codec.w3c.W3CHttpResponseCodec.createException(W3CHttpResponseCodec.java:200)
at org.openqa.selenium.remote.codec.w3c.W3CHttpResponseCodec.decode(W3CHttpResponseCodec.java:133)
at org.openqa.selenium.remote.codec.w3c.W3CHttpResponseCodec.decode(W3CHttpResponseCodec.java:52)
at org.openqa.selenium.remote.HttpCommandExecutor.execute(HttpCommandExecutor.java:191)
at org.openqa.selenium.remote.service.DriverCommandExecutor.invokeExecute(DriverCommandExecutor.java:196)
at org.openqa.selenium.remote.service.DriverCommandExecutor.execute(DriverCommandExecutor.java:171)
at org.openqa.selenium.remote.RemoteWebDriver.execute(RemoteWebDriver.java:602)
at org.openqa.selenium.remote.RemoteWebDriver.execute(RemoteWebDriver.java:675)
at org.openqa.selenium.remote.RemoteWebDriver.execute(RemoteWebDriver.java:679)
at org.openqa.selenium.remote.RemoteWebDriver.getTitle(RemoteWebDriver.java:309)
at baselibrary.BaseLibrary.teardown(BaseLibrary.java:79)
at java.base/jdk.internal.reflect.DirectMethodHandleAccessor.invoke(DirectMethodHandleAccessor.java:103)
at java.base/java.lang.reflect.Method.invoke(Method.java:580)
at org.testng.internal.invokers.MethodInvocationHelper.invokeMethod(MethodInvocationHelper.java:139)
at org.testng.internal.invokers.MethodInvocationHelper.invokeMethodConsideringTimeout(MethodInvocationHelper.java:69)
at org.testng.internal.invokers.ConfigInvoker.invokeConfigurationMethod(ConfigInvoker.java:361)
at org.testng.internal.invokers.ConfigInvoker.invokeConfigurations(ConfigInvoker.java:296)
at org.testng.TestRunner.invokeTestConfigurations(TestRunner.java:644)
at org.testng.TestRunner.afterRun(TestRunner.java:914)
at org.testng.TestRunner.run(TestRunner.java:605)
at org.testng.SuiteRunner.runTest(SuiteRunner.java:437)
at org.testng.SuiteRunner$SuiteWorker.run(SuiteRunner.java:475)
at org.testng.internal.thread.ThreadUtil.lambda$execute$0(ThreadUtil.java:58)
at java.base/java.util.concurrent.FutureTask.run(FutureTask.java:317)
at java.base/java.util.concurrent.ThreadPoolExecutor.runWorker(ThreadPoolExecutor.java:1144)
at java.base/java.util.concurrent.ThreadPoolExecutor$Worker.run(ThreadPoolExecutor.java:642)
at java.base/java.lang.Thread.run(Thread.java:1583)
]]>
            </full-stacktrace>
          </exception> <!-- org.openqa.selenium.NoSuchSessionException -->
          <reporter-output>
          </reporter-output>
        </test-method> <!-- teardown -->
      </class> <!-- TestClass.TestProp -->
    </test> <!-- Test Grammerly On Safari -->
    <test started-at="2023-10-18T15:03:23 IST" name="Test Grammerly On Chrome" finished-at="2023-10-18T15:04:03 IST" duration-ms="40565">
      <class name="TestClass.TestProp">
        <test-method is-config="true" signature="browser(java.lang.String)[pri:0, instance:TestClass.TestProp@6356695f]" started-at="2023-10-18T15:03:23 IST" name="browser" finished-at="2023-10-18T15:03:52 IST" duration-ms="28260" status="PASS">
          <params>
            <param index="0">
              <value>
                <![CDATA[chrome]]>
              </value>
            </param>
          </params>
          <reporter-output>
          </reporter-output>
        </test-method> <!-- browser -->
        <test-method signature="run()[pri:0, instance:TestClass.TestProp@6356695f]" started-at="2023-10-18T15:03:52 IST" name="run" finished-at="2023-10-18T15:03:53 IST" duration-ms="1469" status="PASS">
          <reporter-output>
          </reporter-output>
        </test-method> <!-- run -->
        <test-method is-config="true" signature="getresultanalysis(org.testng.ITestResult)[pri:0, instance:TestClass.TestProp@6356695f]" started-at="2023-10-18T15:03:53 IST" name="getresultanalysis" finished-at="2023-10-18T15:03:53 IST" duration-ms="323" status="PASS">
          <params>
            <param index="0">
              <value>
                <![CDATA[[TestResult name=run status=SUCCESS method=TestProp.run()[pri:0, instance:TestClass.TestProp@6356695f] output={null}]]]>
              </value>
            </param>
          </params>
          <reporter-output>
            <line>
              <![CDATA[Pass]]>
            </line>
          </reporter-output>
        </test-method> <!-- getresultanalysis -->
        <test-method signature="check()[pri:1, instance:TestClass.TestProp@6356695f]" started-at="2023-10-18T15:03:53 IST" name="check" finished-at="2023-10-18T15:04:01 IST" duration-ms="7385" status="PASS">
          <reporter-output>
          </reporter-output>
        </test-method> <!-- check -->
        <test-method is-config="true" signature="getresultanalysis(org.testng.ITestResult)[pri:0, instance:TestClass.TestProp@6356695f]" started-at="2023-10-18T15:04:01 IST" name="getresultanalysis" finished-at="2023-10-18T15:04:01 IST" duration-ms="121" status="PASS">
          <params>
            <param index="0">
              <value>
                <![CDATA[[TestResult name=check status=SUCCESS method=TestProp.check()[pri:1, instance:TestClass.TestProp@6356695f] output={null}]]]>
              </value>
            </param>
          </params>
          <reporter-output>
            <line>
              <![CDATA[Pass]]>
            </line>
          </reporter-output>
        </test-method> <!-- getresultanalysis -->
        <test-method is-config="true" signature="teardown()[pri:0, instance:TestClass.TestProp@6356695f]" started-at="2023-10-18T15:04:01 IST" name="teardown" finished-at="2023-10-18T15:04:03 IST" duration-ms="2485" status="FAIL">
          <exception class="org.openqa.selenium.NoSuchSessionException">
            <message>
              <![CDATA[Tried to run command without establishing a connection
Build info: version: '4.12.0', revision: '249f2a7d1b*'
System info: os.name: 'Mac OS X', os.arch: 'x86_64', os.version: '10.15.7', java.version: '21'
Driver info: org.openqa.selenium.firefox.FirefoxDriver
Command: [63ff4cf1-e948-475c-9877-fb775f2219d5, getTitle {}]
Capabilities {acceptInsecureCerts: true, browserName: firefox, browserVersion: 118.0.2, moz:accessibilityChecks: false, moz:buildID: 20231009140911, moz:debuggerAddress: 127.0.0.1:27910, moz:geckodriverVersion: 0.33.0, moz:headless: false, moz:platformVersion: 19.6.0, moz:processID: 2215, moz:profile: /var/folders/n5/8_wzkl796_n..., moz:shutdownTimeout: 60000, moz:webdriverClick: true, moz:windowless: false, pageLoadStrategy: normal, platformName: mac, proxy: Proxy(), se:cdp: ws://127.0.0.1:27910/devtoo..., se:cdpVersion: 85.0, setWindowRect: true, strictFileInteractability: false, timeouts: {implicit: 0, pageLoad: 300000, script: 30000}, unhandledPromptBehavior: dismiss and notify}
Session ID: 63ff4cf1-e948-475c-9877-fb775f2219d5]]>
            </message>
            <full-stacktrace>
              <![CDATA[org.openqa.selenium.NoSuchSessionException: Tried to run command without establishing a connection
Build info: version: '4.12.0', revision: '249f2a7d1b*'
System info: os.name: 'Mac OS X', os.arch: 'x86_64', os.version: '10.15.7', java.version: '21'
Driver info: org.openqa.selenium.firefox.FirefoxDriver
Command: [63ff4cf1-e948-475c-9877-fb775f2219d5, getTitle {}]
Capabilities {acceptInsecureCerts: true, browserName: firefox, browserVersion: 118.0.2, moz:accessibilityChecks: false, moz:buildID: 20231009140911, moz:debuggerAddress: 127.0.0.1:27910, moz:geckodriverVersion: 0.33.0, moz:headless: false, moz:platformVersion: 19.6.0, moz:processID: 2215, moz:profile: /var/folders/n5/8_wzkl796_n..., moz:shutdownTimeout: 60000, moz:webdriverClick: true, moz:windowless: false, pageLoadStrategy: normal, platformName: mac, proxy: Proxy(), se:cdp: ws://127.0.0.1:27910/devtoo..., se:cdpVersion: 85.0, setWindowRect: true, strictFileInteractability: false, timeouts: {implicit: 0, pageLoad: 300000, script: 30000}, unhandledPromptBehavior: dismiss and notify}
Session ID: 63ff4cf1-e948-475c-9877-fb775f2219d5
at java.base/jdk.internal.reflect.DirectConstructorHandleAccessor.newInstance(DirectConstructorHandleAccessor.java:62)
at java.base/java.lang.reflect.Constructor.newInstanceWithCaller(Constructor.java:502)
at java.base/java.lang.reflect.Constructor.newInstance(Constructor.java:486)
at org.openqa.selenium.remote.codec.w3c.W3CHttpResponseCodec.createException(W3CHttpResponseCodec.java:200)
at org.openqa.selenium.remote.codec.w3c.W3CHttpResponseCodec.decode(W3CHttpResponseCodec.java:133)
at org.openqa.selenium.remote.codec.w3c.W3CHttpResponseCodec.decode(W3CHttpResponseCodec.java:52)
at org.openqa.selenium.remote.HttpCommandExecutor.execute(HttpCommandExecutor.java:191)
at org.openqa.selenium.remote.service.DriverCommandExecutor.invokeExecute(DriverCommandExecutor.java:196)
at org.openqa.selenium.remote.service.DriverCommandExecutor.execute(DriverCommandExecutor.java:171)
at org.openqa.selenium.remote.RemoteWebDriver.execute(RemoteWebDriver.java:602)
at org.openqa.selenium.remote.RemoteWebDriver.execute(RemoteWebDriver.java:675)
at org.openqa.selenium.remote.RemoteWebDriver.execute(RemoteWebDriver.java:679)
at org.openqa.selenium.remote.RemoteWebDriver.getTitle(RemoteWebDriver.java:309)
at baselibrary.BaseLibrary.teardown(BaseLibrary.java:79)
at java.base/jdk.internal.reflect.DirectMethodHandleAccessor.invoke(DirectMethodHandleAccessor.java:103)
at java.base/java.lang.reflect.Method.invoke(Method.java:580)
at org.testng.internal.invokers.MethodInvocationHelper.invokeMethod(MethodInvocationHelper.java:139)
at org.testng.internal.invokers.MethodInvocationHelper.invokeMethodConsideringTimeout(MethodInvocationHelper.java:69)
at org.testng.internal.invokers.ConfigInvoker.invokeConfigurationMethod(ConfigInvoker.java:361)
at org.testng.internal.invokers.ConfigInvoker.invokeConfigurations(ConfigInvoker.java:296)
at org.testng.TestRunner.invokeTestConfigurations(TestRunner.java:644)
at org.testng.TestRunner.afterRun(TestRunner.java:914)
at org.testng.TestRunner.run(TestRunner.java:605)
at org.testng.SuiteRunner.runTest(SuiteRunner.java:437)
at org.testng.SuiteRunner$SuiteWorker.run(SuiteRunner.java:475)
at org.testng.internal.thread.ThreadUtil.lambda$execute$0(ThreadUtil.java:58)
at java.base/java.util.concurrent.FutureTask.run(FutureTask.java:317)
at java.base/java.util.concurrent.ThreadPoolExecutor.runWorker(ThreadPoolExecutor.java:1144)
at java.base/java.util.concurrent.ThreadPoolExecutor$Worker.run(ThreadPoolExecutor.java:642)
at java.base/java.lang.Thread.run(Thread.java:1583)
]]>
            </full-stacktrace>
          </exception> <!-- org.openqa.selenium.NoSuchSessionException -->
          <reporter-output>
          </reporter-output>
        </test-method> <!-- teardown -->
      </class> <!-- TestClass.TestProp -->
    </test> <!-- Test Grammerly On Chrome -->
  </suite> <!-- Suite -->
</testng-results>
